<?xml version="1.0" encoding="UTF-8"?>
<testng-results skipped="0" failed="0" ignored="0" total="1" passed="1">
  <reporter-output>
  </reporter-output>
  <suite name="Default suite" duration-ms="14152" started-at="2019-10-14T14:24:11Z" finished-at="2019-10-14T14:24:25Z">
    <groups>
    </groups>
    <test name="Default test" duration-ms="14152" started-at="2019-10-14T14:24:11Z" finished-at="2019-10-14T14:24:25Z">
      <class name="JKDemo1.Login_Test">
        <test-method status="PASS" signature="beforeMethod()[pri:0, instance:JKDemo1.Login_Test@c038203]" name="beforeMethod" is-config="true" duration-ms="9730" started-at="2019-10-14T14:24:11Z" finished-at="2019-10-14T14:24:21Z">
          <reporter-output>
          </reporter-output>
        </test-method> <!-- beforeMethod -->
        <test-method status="PASS" signature="search()[pri:0, instance:JKDemo1.Login_Test@c038203]" name="search" duration-ms="169" started-at="2019-10-14T14:24:21Z" finished-at="2019-10-14T14:24:21Z">
          <reporter-output>
          </reporter-output>
        </test-method> <!-- search -->
        <test-method status="PASS" signature="afterMethod()[pri:0, instance:JKDemo1.Login_Test@c038203]" name="afterMethod" is-config="true" duration-ms="4187" started-at="2019-10-14T14:24:21Z" finished-at="2019-10-14T14:24:25Z">
          <reporter-output>
          </reporter-output>
        </test-method> <!-- afterMethod -->
      </class> <!-- JKDemo1.Login_Test -->
    </test> <!-- Default test -->
  </suite> <!-- Default suite -->
</testng-results>
